<?xml version="1.0" encoding="UTF-8"?>
<!-- Generated by org.testng.reporters.JUnitXMLReporter -->
<testsuite ignored="0" hostname="DESKTOP-9SPAHSJ" failures="0" tests="6" name="Test" time="12.606" errors="0" timestamp="2025-03-31T14:10:39 IST">
  <testcase classname="TestNG.TC_1_LoginToOrangeHRM_Chrome" name="enterUsername" time="0.745"/>
  <testcase classname="TestNG.TC_1_LoginToOrangeHRM_Chrome" name="enterPassword" time="0.465"/>
  <testcase classname="TestNG.TC_1_LoginToOrangeHRM_Chrome" name="clickLogin" time="0.656"/>
  <testcase classname="TestNG.TC_1_LoginToOrangeHRM_Edge" name="enterUsername" time="0.339"/>
  <testcase classname="TestNG.TC_1_LoginToOrangeHRM_Edge" name="enterPassword" time="0.232"/>
  <testcase classname="TestNG.TC_1_LoginToOrangeHRM_Edge" name="clickLogin" time="1.999"/>
</testsuite> <!-- Test -->
