<?xml version="1.0" encoding="UTF-8"?>
<testng-results ignored="0" total="2" passed="2" failed="0" skipped="0">
  <reporter-output>
  </reporter-output>
  <suite started-at="2025-04-04T16:48:18 IST" name="Default suite" finished-at="2025-04-04T16:49:36 IST" duration-ms="77469">
    <groups>
    </groups>
    <test started-at="2025-04-04T16:48:18 IST" name="Default test" finished-at="2025-04-04T16:49:36 IST" duration-ms="77469">
      <class name="Tests.TC_1_VerifyMedicines">
        <test-method is-config="true" signature="launchBrowser()[pri:0, instance:Tests.TC_1_VerifyMedicines@5d908d47]" started-at="2025-04-04T16:48:09 IST" name="launchBrowser" finished-at="2025-04-04T16:48:18 IST" duration-ms="9098" status="PASS">
          <reporter-output>
          </reporter-output>
        </test-method> <!-- launchBrowser -->
        <test-method is-config="true" signature="launchURL()[pri:0, instance:Tests.TC_1_VerifyMedicines@5d908d47]" started-at="2025-04-04T16:48:18 IST" name="launchURL" finished-at="2025-04-04T16:48:26 IST" duration-ms="7804" status="PASS">
          <reporter-output>
          </reporter-output>
        </test-method> <!-- launchURL -->
        <test-method is-config="true" signature="maximizeTheBrowser()[pri:0, instance:Tests.TC_1_VerifyMedicines@5d908d47]" started-at="2025-04-04T16:48:26 IST" name="maximizeTheBrowser" finished-at="2025-04-04T16:48:26 IST" duration-ms="335" status="PASS">
          <reporter-output>
          </reporter-output>
        </test-method> <!-- maximizeTheBrowser -->
        <test-method is-config="true" signature="waiting()[pri:0, instance:Tests.TC_1_VerifyMedicines@5d908d47]" started-at="2025-04-04T16:48:27 IST" name="waiting" finished-at="2025-04-04T16:48:27 IST" duration-ms="28" status="PASS">
          <reporter-output>
          </reporter-output>
        </test-method> <!-- waiting -->
        <test-method signature="verifyheadertabs()[pri:1, instance:Tests.TC_1_VerifyMedicines@5d908d47]" started-at="2025-04-04T16:48:27 IST" name="verifyheadertabs" finished-at="2025-04-04T16:49:32 IST" duration-ms="65278" status="PASS">
          <reporter-output>
          </reporter-output>
        </test-method> <!-- verifyheadertabs -->
        <test-method is-config="true" signature="waiting1()[pri:0, instance:Tests.TC_1_VerifyMedicines@5d908d47]" started-at="2025-04-04T16:49:32 IST" name="waiting1" finished-at="2025-04-04T16:49:32 IST" duration-ms="27" status="PASS">
          <reporter-output>
          </reporter-output>
        </test-method> <!-- waiting1 -->
        <test-method is-config="true" signature="waiting()[pri:0, instance:Tests.TC_1_VerifyMedicines@5d908d47]" started-at="2025-04-04T16:49:32 IST" name="waiting" finished-at="2025-04-04T16:49:32 IST" duration-ms="8" status="PASS">
          <reporter-output>
          </reporter-output>
        </test-method> <!-- waiting -->
        <test-method signature="mouseovermethod()[pri:2, instance:Tests.TC_1_VerifyMedicines@5d908d47]" started-at="2025-04-04T16:49:32 IST" name="mouseovermethod" finished-at="2025-04-04T16:49:36 IST" duration-ms="3781" status="PASS">
          <reporter-output>
          </reporter-output>
        </test-method> <!-- mouseovermethod -->
        <test-method is-config="true" signature="waiting1()[pri:0, instance:Tests.TC_1_VerifyMedicines@5d908d47]" started-at="2025-04-04T16:49:36 IST" name="waiting1" finished-at="2025-04-04T16:49:36 IST" duration-ms="20" status="PASS">
          <reporter-output>
          </reporter-output>
        </test-method> <!-- waiting1 -->
        <test-method is-config="true" signature="closeBrowser()[pri:0, instance:Tests.TC_1_VerifyMedicines@5d908d47]" started-at="2025-04-04T16:49:36 IST" name="closeBrowser" finished-at="2025-04-04T16:49:39 IST" duration-ms="2612" status="PASS">
          <reporter-output>
          </reporter-output>
        </test-method> <!-- closeBrowser -->
      </class> <!-- Tests.TC_1_VerifyMedicines -->
    </test> <!-- Default test -->
  </suite> <!-- Default suite -->
</testng-results>
